2025-02-06 01:51:54,479 - root - INFO - Exported monthly_rev as DataFrame from parquet
2025-02-06 17:15:32,899 - root - INFO - Exported mkt_calendar as DataFrame from parquet
2025-02-06 17:15:32,911 - root - INFO - Fetched monthly_rev from 2024-01-01 to 2025-01-01 from TEJ
2025-02-06 18:02:01,975 - root - INFO - Exported mkt_calendar as DataFrame from parquet
2025-02-06 18:02:37,245 - root - INFO - Exported mkt_calendar as DataFrame from parquet
2025-02-06 18:03:56,914 - root - INFO - Exported mkt_calendar as DataFrame from parquet
2025-02-06 18:04:26,043 - root - INFO - Exported mkt_calendar as DataFrame from parquet
2025-02-06 18:04:26,141 - root - INFO - Exported roe_roa as DataFrame from parquet
2025-02-06 18:06:01,089 - root - INFO - Exported mkt_calendar as DataFrame from parquet
2025-02-06 18:06:02,914 - root - INFO - Exported roe_roa as DataFrame from parquet
2025-02-06 18:07:49,315 - root - INFO - Exported mkt_calendar as DataFrame from parquet
2025-02-06 18:07:53,004 - root - INFO - Exported roe_roa as DataFrame from parquet
2025-02-06 18:08:28,255 - root - INFO - Exported mkt_calendar as DataFrame from parquet
2025-02-06 18:08:28,356 - root - INFO - Exported roe_roa as DataFrame from parquet
2025-02-06 18:09:42,821 - root - INFO - Exported mkt_calendar as DataFrame from parquet
2025-02-06 18:09:42,936 - root - INFO - Exported roe_roa as DataFrame from parquet
2025-02-06 18:15:42,351 - root - INFO - Exported roe_roa as DataFrame from parquet
2025-02-06 18:15:52,017 - root - INFO - Exported mkt_calendar as DataFrame from parquet
2025-02-06 18:15:52,591 - root - INFO - Exported roe_roa as DataFrame from parquet
2025-02-06 18:16:03,296 - root - INFO - Exported roe_roa as DataFrame from parquet
2025-02-06 18:16:24,417 - root - INFO - Exported mkt_calendar as DataFrame from parquet
2025-02-06 18:16:24,519 - root - INFO - Exported roe_roa as DataFrame from parquet
2025-02-06 18:35:39,109 - root - INFO - Exported mkt_calendar as DataFrame from parquet
2025-02-06 18:35:39,261 - root - INFO - Exported roe_roa as DataFrame from parquet
2025-02-06 18:36:19,853 - root - INFO - Exported mkt_calendar as DataFrame from parquet
2025-02-06 18:36:19,963 - root - INFO - Exported roe_roa as DataFrame from parquet
2025-02-06 18:40:30,695 - root - INFO - Exported mkt_calendar as DataFrame from parquet
2025-02-06 18:40:55,717 - root - INFO - Exported mkt_calendar as DataFrame from parquet
2025-02-06 18:40:55,821 - root - INFO - Exported roe_roa as DataFrame from parquet
2025-02-06 18:41:00,291 - root - INFO - Exported roe_roa as DataFrame from parquet
2025-02-06 18:41:40,096 - root - INFO - Exported roe_roa as DataFrame from parquet
2025-02-06 18:41:43,287 - root - INFO - Exported roe_roa as DataFrame from parquet
2025-02-06 18:42:02,230 - root - INFO - Exported mkt_calendar as DataFrame from parquet
2025-02-06 18:42:02,326 - root - INFO - Exported roe_roa as DataFrame from parquet
2025-02-06 18:42:10,300 - root - INFO - Exported roe_roa as DataFrame from parquet
2025-02-06 18:42:29,681 - root - INFO - Exported roe_roa as DataFrame from parquet
2025-02-06 18:43:22,074 - root - INFO - Exported roe_roa as DataFrame from parquet
2025-02-07 17:53:13,054 - root - INFO - Exported stock_return as DataFrame from parquet
2025-02-07 18:20:52,979 - root - INFO - Exported roe_roa as DataFrame from parquet
2025-02-07 18:21:02,177 - root - INFO - Exported mkt_calendar as DataFrame from parquet
2025-02-07 18:21:02,266 - root - INFO - Exported roe_roa as DataFrame from parquet
2025-02-07 18:21:51,235 - root - INFO - Exported mkt_calendar as DataFrame from parquet
2025-02-07 18:21:51,332 - root - INFO - Exported roe_roa as DataFrame from parquet
2025-02-07 18:21:52,728 - root - INFO - Exported stock_return as DataFrame from parquet
2025-02-07 18:22:48,332 - root - INFO - Exported stock_return as DataFrame from parquet
2025-02-07 18:32:21,770 - root - INFO - Exported mkt_calendar as DataFrame from parquet
2025-02-07 18:32:25,534 - root - INFO - Exported roe_roa as DataFrame from parquet
2025-02-07 18:32:27,360 - root - INFO - Exported stock_return as DataFrame from parquet
2025-02-07 18:33:11,544 - root - INFO - Exported mkt_calendar as DataFrame from parquet
2025-02-07 18:33:11,652 - root - INFO - Exported roe_roa as DataFrame from parquet
2025-02-07 18:33:13,231 - root - INFO - Exported stock_return as DataFrame from parquet
2025-02-07 18:33:24,816 - root - INFO - Exported mkt_calendar as DataFrame from parquet
2025-02-07 18:33:24,923 - root - INFO - Exported roe_roa as DataFrame from parquet
2025-02-07 18:33:26,360 - root - INFO - Exported stock_return as DataFrame from parquet
2025-02-07 18:35:32,092 - root - INFO - Exported roe_roa as DataFrame from parquet
2025-02-07 18:42:55,649 - root - INFO - Exported mkt_calendar as DataFrame from parquet
2025-02-07 18:42:55,749 - root - INFO - Exported roe_roa as DataFrame from parquet
2025-02-07 18:42:57,365 - root - INFO - Exported stock_return as DataFrame from parquet
2025-02-07 18:43:23,293 - root - INFO - Exported mkt_calendar as DataFrame from parquet
2025-02-07 18:43:23,391 - root - INFO - Exported roe_roa as DataFrame from parquet
2025-02-07 18:43:24,734 - root - INFO - Exported stock_return as DataFrame from parquet
2025-02-07 18:44:03,864 - root - INFO - Exported mkt_calendar as DataFrame from parquet
2025-02-07 18:44:03,968 - root - INFO - Exported roe_roa as DataFrame from parquet
2025-02-07 18:44:05,354 - root - INFO - Exported stock_return as DataFrame from parquet
2025-02-07 18:46:58,644 - root - INFO - Exported mkt_calendar as DataFrame from parquet
2025-02-07 18:46:58,746 - root - INFO - Exported roe_roa as DataFrame from parquet
2025-02-07 18:47:00,142 - root - INFO - Exported stock_return as DataFrame from parquet
2025-02-07 18:47:00,819 - root - INFO - Exported stock_basic_info as DataFrame from parquet
2025-02-07 18:47:00,829 - root - INFO - Exported fin_data as DataFrame from parquet
2025-02-07 18:47:00,845 - root - INFO - Exported monthly_rev as DataFrame from parquet
2025-02-07 18:47:00,865 - root - INFO - Exported stock_trading_notes as DataFrame from parquet
2025-02-07 18:47:00,881 - root - INFO - Exported stock_trading_data as DataFrame from parquet
2025-02-07 18:48:35,311 - root - INFO - Exported stock_basic_info as DataFrame from parquet
2025-02-07 18:49:01,062 - root - INFO - Exported stock_trading_notes as DataFrame from parquet
2025-02-07 18:50:02,297 - root - INFO - Exported mkt_calendar as DataFrame from parquet
2025-02-07 18:50:02,410 - root - INFO - Exported roe_roa as DataFrame from parquet
2025-02-07 18:50:03,819 - root - INFO - Exported stock_return as DataFrame from parquet
2025-02-07 18:50:04,530 - root - INFO - Exported stock_basic_info as DataFrame from parquet
2025-02-07 18:50:04,541 - root - INFO - Exported fin_data as DataFrame from parquet
2025-02-07 18:50:04,554 - root - INFO - Exported monthly_rev as DataFrame from parquet
2025-02-07 18:50:04,572 - root - INFO - Exported stock_trading_notes as DataFrame from parquet
2025-02-07 18:50:04,589 - root - INFO - Exported stock_trading_data as DataFrame from parquet
2025-02-07 18:50:24,804 - root - INFO - Exported mkt_calendar as DataFrame from parquet
2025-02-07 18:50:24,905 - root - INFO - Exported roe_roa as DataFrame from parquet
2025-02-07 18:50:26,316 - root - INFO - Exported stock_return as DataFrame from parquet
2025-02-07 18:50:27,027 - root - INFO - Exported stock_basic_info as DataFrame from parquet
2025-02-07 18:50:27,038 - root - INFO - Exported fin_data as DataFrame from parquet
2025-02-07 18:50:27,053 - root - INFO - Exported monthly_rev as DataFrame from parquet
2025-02-07 18:50:27,077 - root - INFO - Exported stock_trading_notes as DataFrame from parquet
2025-02-07 18:50:27,098 - root - INFO - Exported stock_trading_data as DataFrame from parquet
2025-02-08 16:50:40,167 - root - INFO - Exported roe_roa as DataFrame from parquet
2025-02-08 16:50:41,906 - root - INFO - Exported stock_return as DataFrame from parquet
2025-02-08 16:50:50,356 - root - INFO - Exported mkt_calendar as DataFrame from parquet
2025-02-08 16:50:51,093 - root - INFO - Exported roe_roa as DataFrame from parquet
2025-02-08 16:50:52,406 - root - INFO - Exported stock_return as DataFrame from parquet
2025-02-08 16:53:33,466 - root - INFO - Exported mkt_calendar as DataFrame from parquet
2025-02-08 16:53:34,441 - root - INFO - Exported roe_roa as DataFrame from parquet
2025-02-08 16:53:35,796 - root - INFO - Exported stock_return as DataFrame from parquet
2025-02-08 16:57:58,565 - root - INFO - Exported mkt_calendar as DataFrame from parquet
2025-02-08 16:57:58,669 - root - INFO - Exported roe_roa as DataFrame from parquet
2025-02-08 16:58:00,081 - root - INFO - Exported stock_return as DataFrame from parquet
2025-02-08 16:58:00,805 - root - INFO - Exported stock_basic_info as DataFrame from parquet
2025-02-08 16:58:00,817 - root - INFO - Exported fin_data as DataFrame from parquet
2025-02-08 16:58:00,835 - root - INFO - Exported monthly_rev as DataFrame from parquet
2025-02-08 16:58:00,863 - root - INFO - Exported stock_trading_notes as DataFrame from parquet
2025-02-08 16:58:00,881 - root - INFO - Exported stock_trading_data as DataFrame from parquet
2025-02-08 16:58:41,724 - root - INFO - Exported mkt_calendar as DataFrame from parquet
2025-02-08 16:58:41,827 - root - INFO - Exported roe_roa as DataFrame from parquet
2025-02-08 16:58:43,197 - root - INFO - Exported stock_return as DataFrame from parquet
2025-02-08 16:58:44,947 - root - INFO - Exported stock_basic_info as DataFrame from parquet
2025-02-08 16:58:44,965 - root - INFO - Exported fin_data as DataFrame from parquet
2025-02-08 16:58:44,990 - root - INFO - Exported monthly_rev as DataFrame from parquet
2025-02-08 16:58:45,018 - root - INFO - Exported stock_trading_notes as DataFrame from parquet
2025-02-08 16:58:45,042 - root - INFO - Exported stock_trading_data as DataFrame from parquet
2025-02-08 17:25:39,742 - root - INFO - Exported mkt_calendar as DataFrame from parquet
2025-02-08 17:25:39,844 - root - INFO - Exported roe_roa as DataFrame from parquet
2025-02-08 17:25:41,195 - root - INFO - Exported stock_return as DataFrame from parquet
2025-02-08 17:25:41,908 - root - INFO - Exported stock_basic_info as DataFrame from parquet
2025-02-08 17:25:41,923 - root - INFO - Exported fin_data as DataFrame from parquet
2025-02-08 17:25:41,942 - root - INFO - Exported monthly_rev as DataFrame from parquet
2025-02-08 17:25:41,974 - root - INFO - Exported stock_trading_notes as DataFrame from parquet
2025-02-08 17:25:41,999 - root - INFO - Exported stock_trading_data as DataFrame from parquet
2025-02-08 17:26:36,152 - root - INFO - Exported mkt_calendar as DataFrame from parquet
2025-02-08 17:26:36,255 - root - INFO - Exported roe_roa as DataFrame from parquet
2025-02-08 17:26:37,905 - root - INFO - Exported stock_return as DataFrame from parquet
2025-02-08 17:26:38,579 - root - INFO - Exported stock_basic_info as DataFrame from parquet
2025-02-08 17:26:38,590 - root - INFO - Exported fin_data as DataFrame from parquet
2025-02-08 17:26:38,603 - root - INFO - Exported monthly_rev as DataFrame from parquet
2025-02-08 17:26:38,625 - root - INFO - Exported stock_trading_notes as DataFrame from parquet
2025-02-08 17:26:38,642 - root - INFO - Exported stock_trading_data as DataFrame from parquet
2025-02-08 17:28:51,332 - root - INFO - Exported mkt_calendar as DataFrame from parquet
2025-02-08 17:28:51,438 - root - INFO - Exported roe_roa as DataFrame from parquet
2025-02-08 17:28:52,873 - root - INFO - Exported stock_return as DataFrame from parquet
2025-02-08 17:28:53,553 - root - INFO - Exported stock_basic_info as DataFrame from parquet
2025-02-08 17:28:53,564 - root - INFO - Exported fin_data as DataFrame from parquet
2025-02-08 17:28:53,577 - root - INFO - Exported monthly_rev as DataFrame from parquet
2025-02-08 17:28:53,597 - root - INFO - Exported stock_trading_notes as DataFrame from parquet
2025-02-08 17:28:53,613 - root - INFO - Exported stock_trading_data as DataFrame from parquet
2025-02-08 17:28:54,794 - root - INFO - Exported stock_trading_notes as DataFrame from parquet
2025-02-08 17:28:54,920 - root - INFO - Exported stock_trading_data as DataFrame from parquet
2025-02-08 17:47:43,981 - root - INFO - Exported stock_trading_notes as DataFrame from parquet
2025-02-08 17:47:44,104 - root - INFO - Exported stock_trading_data as DataFrame from parquet
2025-02-08 17:48:12,382 - root - INFO - Exported stock_trading_notes as DataFrame from parquet
2025-02-08 17:48:12,507 - root - INFO - Exported stock_trading_data as DataFrame from parquet
2025-02-08 17:50:21,130 - root - INFO - Exported stock_trading_notes as DataFrame from parquet
2025-02-08 17:50:21,310 - root - INFO - Exported stock_trading_data as DataFrame from parquet
2025-02-08 17:50:41,202 - root - INFO - Exported mkt_calendar as DataFrame from parquet
2025-02-08 17:50:41,315 - root - INFO - Exported roe_roa as DataFrame from parquet
2025-02-08 17:50:42,792 - root - INFO - Exported stock_return as DataFrame from parquet
2025-02-08 17:50:43,460 - root - INFO - Exported stock_basic_info as DataFrame from parquet
2025-02-08 17:50:43,470 - root - INFO - Exported fin_data as DataFrame from parquet
2025-02-08 17:50:43,484 - root - INFO - Exported monthly_rev as DataFrame from parquet
2025-02-08 17:50:43,501 - root - INFO - Exported stock_trading_notes as DataFrame from parquet
2025-02-08 17:50:43,518 - root - INFO - Exported stock_trading_data as DataFrame from parquet
2025-02-08 17:50:44,695 - root - INFO - Exported stock_trading_notes as DataFrame from parquet
2025-02-08 17:50:44,835 - root - INFO - Exported stock_trading_data as DataFrame from parquet
2025-02-08 18:56:06,241 - root - INFO - Exported mkt_calendar as DataFrame from parquet
2025-02-08 18:56:06,351 - root - INFO - Exported roe_roa as DataFrame from parquet
2025-02-08 18:56:07,745 - root - INFO - Exported stock_return as DataFrame from parquet
2025-02-08 18:56:09,429 - root - INFO - Exported stock_trading_notes as DataFrame from parquet
2025-02-08 18:56:09,607 - root - INFO - Exported stock_trading_data as DataFrame from parquet
2025-02-08 18:56:09,746 - root - INFO - Exported stock_basic_info as DataFrame from parquet
2025-02-08 18:56:09,756 - root - INFO - Exported fin_data as DataFrame from parquet
2025-02-08 18:56:09,769 - root - INFO - Exported monthly_rev as DataFrame from parquet
2025-02-08 18:56:09,786 - root - INFO - Exported stock_trading_notes as DataFrame from parquet
2025-02-08 18:56:09,801 - root - INFO - Exported stock_trading_data as DataFrame from parquet
